<?xml version="1.0" encoding="UTF-8" ?>
<testsuite tests="5" failures="0" name="LionTest" time="0.183" errors="1" skipped="0">
  <properties>
[...]
</properties>
  <testcase classname="LionTest" name="getFoodReturnListOfMeat" time="0.161"/>
  <testcase classname="LionTest" name="doesHaveManeReturnTrue" time="0.002"/>
  <testcase classname="LionTest" name="getKittensReturnOne" time="0.002"/>
  <testcase classname="LionTest" name="doesHaveManeExceptionTestMin" time="0.001"/>
  <testcase classname="LionTest" name="unnecessary Mockito stubbings" time="0.017">
    <error message="
Unnecessary stubbings detected in test class: LionTest
Clean &amp; maintainable test code requires zero unnecessary code.
Following stubbings are unnecessary (click to navigate to relevant line of code):
  1. -&gt; at LionTest.getFoodReturnListOfMeat(LionTest.java:38)
  2. -&gt; at LionTest.getKittensReturnOne(LionTest.java:22)
Please remove unnecessary stubbings or use &apos;lenient&apos; strictness. More info: javadoc for UnnecessaryStubbingException class." type="org.mockito.exceptions.misusing.UnnecessaryStubbingException">org.mockito.exceptions.misusing.UnnecessaryStubbingException: 
Unnecessary stubbings detected in test class: LionTest
Clean &amp; maintainable test code requires zero unnecessary code.
Following stubbings are unnecessary (click to navigate to relevant line of code):
  1. -&gt; at LionTest.getFoodReturnListOfMeat(LionTest.java:38)
  2. -&gt; at LionTest.getKittensReturnOne(LionTest.java:22)
Please remove unnecessary stubbings or use &apos;lenient&apos; strictness. More info: javadoc for UnnecessaryStubbingException class.
	at org.mockito.internal.runners.StrictRunner.run(StrictRunner.java:53)
	at org.mockito.junit.MockitoJUnitRunner.run(MockitoJUnitRunner.java:163)
	at org.apache.maven.surefire.junit4.JUnit4Provider.execute(JUnit4Provider.java:252)
	at org.apache.maven.surefire.junit4.JUnit4Provider.executeTestSet(JUnit4Provider.java:141)
	at org.apache.maven.surefire.junit4.JUnit4Provider.invoke(JUnit4Provider.java:112)
	at java.base/jdk.internal.reflect.NativeMethodAccessorImpl.invoke0(Native Method)
	at java.base/jdk.internal.reflect.NativeMethodAccessorImpl.invoke(NativeMethodAccessorImpl.java:77)
	at java.base/jdk.internal.reflect.DelegatingMethodAccessorImpl.invoke(DelegatingMethodAccessorImpl.java:43)
	at java.base/java.lang.reflect.Method.invoke(Method.java:568)
	at org.apache.maven.surefire.util.ReflectionUtils.invokeMethodWithArray(ReflectionUtils.java:189)
	at org.apache.maven.surefire.booter.ProviderFactory$ProviderProxy.invoke(ProviderFactory.java:165)
	at org.apache.maven.surefire.booter.ProviderFactory.invokeProvider(ProviderFactory.java:85)
	at org.apache.maven.surefire.booter.ForkedBooter.runSuitesInProcess(ForkedBooter.java:115)
	at org.apache.maven.surefire.booter.ForkedBooter.main(ForkedBooter.java:75)
</error>
  </testcase>
</testsuite>